<?xml version="1.0" encoding="UTF-8"?>
<testng-results skipped="0" failed="0" ignored="0" total="2" passed="2">
  <reporter-output>
  </reporter-output>
  <suite name="Default suite" duration-ms="111743" started-at="2019-12-09T13:43:59 IST" finished-at="2019-12-09T13:45:51 IST">
    <groups>
    </groups>
    <test name="Default test" duration-ms="111743" started-at="2019-12-09T13:43:59 IST" finished-at="2019-12-09T13:45:51 IST">
      <class name="TestCases.CreateLeadTestCase">
        <test-method status="PASS" signature="setdata()[pri:0, instance:TestCases.CreateLeadTestCase@78e67e0a]" name="setdata" is-config="true" duration-ms="24" started-at="2019-12-09T13:43:59 IST" finished-at="2019-12-09T13:43:59 IST">
          <reporter-output>
          </reporter-output>
        </test-method> <!-- setdata -->
        <test-method status="PASS" signature="launch()[pri:0, instance:TestCases.CreateLeadTestCase@78e67e0a]" name="launch" is-config="true" duration-ms="23380" started-at="2019-12-09T13:44:00 IST" finished-at="2019-12-09T13:44:24 IST">
          <reporter-output>
          </reporter-output>
        </test-method> <!-- launch -->
        <test-method status="PASS" signature="createLead(java.lang.String, java.lang.String, java.lang.String, java.lang.String, java.lang.String)[pri:0, instance:TestCases.CreateLeadTestCase@78e67e0a]" name="createLead" duration-ms="30946" started-at="2019-12-09T13:44:24 IST" data-provider="senddata" finished-at="2019-12-09T13:44:55 IST">
          <params>
            <param index="0">
              <value>
                <![CDATA[DemoSalesManager]]>
              </value>
            </param>
            <param index="1">
              <value>
                <![CDATA[crmsfa]]>
              </value>
            </param>
            <param index="2">
              <value>
                <![CDATA[Amazon]]>
              </value>
            </param>
            <param index="3">
              <value>
                <![CDATA[Nadhira]]>
              </value>
            </param>
            <param index="4">
              <value>
                <![CDATA[L1]]>
              </value>
            </param>
          </params>
          <reporter-output>
          </reporter-output>
        </test-method> <!-- createLead -->
        <test-method status="PASS" signature="close()[pri:0, instance:TestCases.CreateLeadTestCase@78e67e0a]" name="close" is-config="true" duration-ms="2925" started-at="2019-12-09T13:44:55 IST" finished-at="2019-12-09T13:44:58 IST">
          <reporter-output>
          </reporter-output>
        </test-method> <!-- close -->
        <test-method status="PASS" signature="launch()[pri:0, instance:TestCases.CreateLeadTestCase@78e67e0a]" name="launch" is-config="true" duration-ms="23263" started-at="2019-12-09T13:44:58 IST" finished-at="2019-12-09T13:45:21 IST">
          <reporter-output>
          </reporter-output>
        </test-method> <!-- launch -->
        <test-method status="PASS" signature="createLead(java.lang.String, java.lang.String, java.lang.String, java.lang.String, java.lang.String)[pri:0, instance:TestCases.CreateLeadTestCase@78e67e0a]" name="createLead" duration-ms="25423" started-at="2019-12-09T13:45:21 IST" data-provider="senddata" finished-at="2019-12-09T13:45:46 IST">
          <params>
            <param index="0">
              <value>
                <![CDATA[DemoSalesManager]]>
              </value>
            </param>
            <param index="1">
              <value>
                <![CDATA[crmsfa]]>
              </value>
            </param>
            <param index="2">
              <value>
                <![CDATA[Paypal]]>
              </value>
            </param>
            <param index="3">
              <value>
                <![CDATA[Asshaz]]>
              </value>
            </param>
            <param index="4">
              <value>
                <![CDATA[L2]]>
              </value>
            </param>
          </params>
          <reporter-output>
          </reporter-output>
        </test-method> <!-- createLead -->
        <test-method status="PASS" signature="close()[pri:0, instance:TestCases.CreateLeadTestCase@78e67e0a]" name="close" is-config="true" duration-ms="4563" started-at="2019-12-09T13:45:46 IST" finished-at="2019-12-09T13:45:51 IST">
          <reporter-output>
          </reporter-output>
        </test-method> <!-- close -->
      </class> <!-- TestCases.CreateLeadTestCase -->
    </test> <!-- Default test -->
  </suite> <!-- Default suite -->
</testng-results>
